#! /usr/bin/vvp
:ivl_version "10.3 (stable)";
:ivl_delay_selection "TYPICAL";
:vpi_time_precision + 0;
:vpi_module "system";
:vpi_module "vhdl_sys";
:vpi_module "v2005_math";
:vpi_module "va_math";
S_0x55b47ea5c100 .scope module, "memory" "memory" 2 1;
 .timescale 0 0;
    .port_info 0 /INPUT 1 "clk"
    .port_info 1 /INPUT 1 "wr_en"
    .port_info 2 /INPUT 8 "addr"
    .port_info 3 /INPUT 8 "data"
o0x7ff9f74c8018 .functor BUFZ 8, C4<zzzzzzzz>; HiZ drive
v0x55b47ea5c330_0 .net "addr", 7 0, o0x7ff9f74c8018;  0 drivers
o0x7ff9f74c8048 .functor BUFZ 1, C4<z>; HiZ drive
v0x55b47ea9fa80_0 .net "clk", 0 0, o0x7ff9f74c8048;  0 drivers
o0x7ff9f74c8078 .functor BUFZ 8, C4<zzzzzzzz>; HiZ drive
v0x55b47ea9fb40_0 .net "data", 7 0, o0x7ff9f74c8078;  0 drivers
v0x55b47ea9fc30 .array "mem", 255 0, 7 0;
o0x7ff9f74c80a8 .functor BUFZ 1, C4<z>; HiZ drive
v0x55b47ea9fcf0_0 .net "wr_en", 0 0, o0x7ff9f74c80a8;  0 drivers
E_0x55b47ea91910 .event posedge, v0x55b47ea9fa80_0;
    .scope S_0x55b47ea5c100;
T_0 ;
    %wait E_0x55b47ea91910;
    %load/vec4 v0x55b47ea9fcf0_0;
    %flag_set/vec4 8;
    %jmp/0xz  T_0.0, 8;
    %load/vec4 v0x55b47ea9fb40_0;
    %load/vec4 v0x55b47ea5c330_0;
    %pad/u 10;
    %ix/vec4 3;
    %ix/load 4, 0, 0; Constant delay
    %assign/vec4/a/d v0x55b47ea9fc30, 0, 4;
T_0.0 ;
    %jmp T_0;
    .thread T_0;
# The file index is used to find the file name in the following table.
:file_names 3;
    "N/A";
    "<interactive>";
    "/opt/git2022t/test_2207/design/memory.v";
