=====20220731-111929=====
125709
=====20220731-112951=====
126907
=====20220731-114246=====
128360
=====20220731-114546=====
128985
=====20220731-114733=====
129622
=====20220731-114859=====
130208
=====20220731-115018=====
130788
=====20220731-115208=====
131405
=====20220731-115245=====
131965
=====20220731-115420=====
132540
=====20220731-115618=====
133613
=====20220731-115658=====
134176
=====20220731-120527=====
135656
=====20220731-120707=====
136261
=====20220731-121030=====
136971
=====20220731-121211=====
137592
=====20220731-121332=====
138151
=====20220731-121459=====
138807
=====20220731-121647=====
139423
=====20220731-121912=====
139565
=====20220731-122133=====
139722
=====20220731-122306=====
140317
=====20220731-122525=====
140891
=====20220731-161358=====
144711
=====20220731-161742=====
145646
=====20220731-161947=====
146333
=====20220731-162143=====
146894
=====20220731-162448=====
148178
=====20220731-163452=====
149199
